# JRE version: Java(TM) SE Runtime Environment (23.0.2+7) (build 23.0.2+7-58)
# Java VM: Java HotSpot(TM) 64-Bit Server VM (23.0.2+7-58, mixed mode, sharing, tiered, compressed oops, compressed class ptrs, g1 gc, windows-amd64)
GC Precious Log:
 CardTable entry size: 512
 Card Set container configuration: InlinePtr #cards 5 size 8 Array Of Cards #cards 10 size 36 Howl #buckets 4 coarsen threshold 1843 Howl Bitmap #cards 512 size 80 coarsen threshold 460 Card regions per heap region 1 cards per card region 2048
 CPUs: 12 total, 12 available
 Memory: 7521M
 Large Page Support: Disabled
 NUMA Support: Disabled
 Compressed Oops: Enabled (32-bit)
 Heap Region Size: 1M
 Heap Min Capacity: 8M
 Heap Initial Capacity: 118M
 Heap Max Capacity: 1882M
 Pre-touch: Disabled
 Parallel Workers: 10
 Concurrent Workers: 3
 Concurrent Refinement Workers: 10
 Periodic GC: Disabled
Heap:
 garbage-first heap   total reserved 1927168K, committed 120832K, used 79014K [0x000000008a600000, 0x0000000100000000)
  region size 1024K, 34 young (34816K), 5 survivors (5120K)
 Metaspace       used 18148K, committed 18496K, reserved 1114112K
  class space    used 2107K, committed 2240K, reserved 1048576K
GC Heap History (12 events):
Event: 17.816 GC heap before
{Heap before GC invocations=0 (full 0):
 garbage-first heap   total reserved 1927168K, committed 120832K, used 23552K [0x000000008a600000, 0x0000000100000000)
  region size 1024K, 24 young (24576K), 0 survivors (0K)
 Metaspace       used 5972K, committed 6144K, reserved 1114112K
  class space    used 732K, committed 832K, reserved 1048576K
}
Event: 21.134 GC heap after
{Heap after GC invocations=1 (full 0):
 garbage-first heap   total reserved 1927168K, committed 120832K, used 3823K [0x000000008a600000, 0x0000000100000000)
  region size 1024K, 3 young (3072K), 3 survivors (3072K)
 Metaspace       used 5972K, committed 6144K, reserved 1114112K
  class space    used 732K, committed 832K, reserved 1048576K
}
Event: 22.141 GC heap before
{Heap before GC invocations=1 (full 0):
 garbage-first heap   total reserved 1927168K, committed 120832K, used 24303K [0x000000008a600000, 0x0000000100000000)
  region size 1024K, 23 young (23552K), 3 survivors (3072K)
 Metaspace       used 7909K, committed 8064K, reserved 1114112K
  class space    used 954K, committed 1024K, reserved 1048576K
}
Event: 22.225 GC heap after
{Heap after GC invocations=2 (full 0):
 garbage-first heap   total reserved 1927168K, committed 120832K, used 5020K [0x000000008a600000, 0x0000000100000000)
  region size 1024K, 1 young (1024K), 1 survivors (1024K)
 Metaspace       used 7909K, committed 8064K, reserved 1114112K
  class space    used 954K, committed 1024K, reserved 1048576K
}
Event: 28.829 GC heap before
{Heap before GC invocations=2 (full 0):
 garbage-first heap   total reserved 1927168K, committed 120832K, used 49052K [0x000000008a600000, 0x0000000100000000)
  region size 1024K, 45 young (46080K), 1 survivors (1024K)
 Metaspace       used 15338K, committed 15552K, reserved 1114112K
  class space    used 1891K, committed 1984K, reserved 1048576K
}
Event: 28.974 GC heap after
{Heap after GC invocations=3 (full 0):
 garbage-first heap   total reserved 1927168K, committed 120832K, used 9084K [0x000000008a600000, 0x0000000100000000)
  region size 1024K, 5 young (5120K), 5 survivors (5120K)
 Metaspace       used 15338K, committed 15552K, reserved 1114112K
  class space    used 1891K, committed 1984K, reserved 1048576K
}
Event: 35.521 GC heap before
{Heap before GC invocations=3 (full 0):
 garbage-first heap   total reserved 1927168K, committed 120832K, used 35708K [0x000000008a600000, 0x0000000100000000)
  region size 1024K, 31 young (31744K), 5 survivors (5120K)
 Metaspace       used 15946K, committed 16192K, reserved 1114112K
  class space    used 1936K, committed 2048K, reserved 1048576K
}
Event: 35.547 GC heap after
{Heap after GC invocations=4 (full 0):
 garbage-first heap   total reserved 1927168K, committed 120832K, used 12919K [0x000000008a600000, 0x0000000100000000)
  region size 1024K, 4 young (4096K), 4 survivors (4096K)
 Metaspace       used 15946K, committed 16192K, reserved 1114112K
  class space    used 1936K, committed 2048K, reserved 1048576K
}
Event: 51.783 GC heap before
{Heap before GC invocations=4 (full 0):
 garbage-first heap   total reserved 1927168K, committed 120832K, used 51831K [0x000000008a600000, 0x0000000100000000)
  region size 1024K, 42 young (43008K), 4 survivors (4096K)
 Metaspace       used 16412K, committed 16640K, reserved 1114112K
  class space    used 1961K, committed 2048K, reserved 1048576K
}
Event: 51.884 GC heap after
{Heap after GC invocations=5 (full 0):
 garbage-first heap   total reserved 1927168K, committed 120832K, used 16242K [0x000000008a600000, 0x0000000100000000)
  region size 1024K, 4 young (4096K), 4 survivors (4096K)
 Metaspace       used 16412K, committed 16640K, reserved 1114112K
  class space    used 1961K, committed 2048K, reserved 1048576K
}
Event: 67.761 GC heap before
{Heap before GC invocations=5 (full 0):
 garbage-first heap   total reserved 1927168K, committed 120832K, used 66418K [0x000000008a600000, 0x0000000100000000)
  region size 1024K, 53 young (54272K), 4 survivors (4096K)
 Metaspace       used 16733K, committed 16960K, reserved 1114112K
  class space    used 1964K, committed 2048K, reserved 1048576K
}
Event: 67.828 GC heap after
{Heap after GC invocations=6 (full 0):
 garbage-first heap   total reserved 1927168K, committed 120832K, used 17574K [0x000000008a600000, 0x0000000100000000)
  region size 1024K, 5 young (5120K), 5 survivors (5120K)
 Metaspace       used 16733K, committed 16960K, reserved 1114112K
  class space    used 1964K, committed 2048K, reserved 1048576K
}

